#
# There is insufficient memory for the Java Runtime Environment to continue.
# Native memory allocation (malloc) failed to allocate 1622336 bytes for Chunk::new
# Possible reasons:
#   The system is out of physical RAM or swap space
#   In 32 bit mode, the process size limit was hit
# Possible solutions:
#   Reduce memory load on the system
#   Increase physical memory or swap space
#   Check if swap backing store is full
#   Use 64 bit Java on a 64 bit OS
#   Decrease Java heap size (-Xmx/-Xms)
#   Decrease number of Java threads
#   Decrease Java thread stack sizes (-Xss)
#   Set larger code cache with -XX:ReservedCodeCacheSize=
# This output file may be truncated or incomplete.
#
#  Out of Memory Error (allocation.cpp:390), pid=8260, tid=0x0000000000001d84
#
# JRE version: Java(TM) SE Runtime Environment (8.0_181-b13) (build 1.8.0_181-b13)
# Java VM: Java HotSpot(TM) 64-Bit Server VM (25.181-b13 mixed mode windows-amd64 compressed oops)
# Failed to write core dump. Minidumps are not enabled by default on client versions of Windows
#

---------------  T H R E A D  ---------------

Current thread (0x00000000195ed000):  JavaThread "C2 CompilerThread1" daemon [_thread_in_native, id=7556, stack(0x0000000019ec0000,0x0000000019fc0000)]

Stack: [0x0000000019ec0000,0x0000000019fc0000]
[error occurred during error reporting (printing stack bounds), id 0xc0000005]

Native frames: (J=compiled Java code, j=interpreted, Vv=VM code, C=native code)


Current CompileTask:
C2:  59813 3908   !   4       javafx.scene.CssStyleHelper::transitionToState (1075 bytes)


---------------  P R O C E S S  ---------------

Java Threads: ( => current thread )
  0x000000001ab15000 JavaThread "MySQL Statement Cancellation Timer" daemon [_thread_blocked, id=18196, stack(0x0000000024fd0000,0x00000000250d0000)]
  0x000000001a9e8800 JavaThread "Prism Font Disposer" daemon [_thread_blocked, id=16108, stack(0x0000000022aa0000,0x0000000022ba0000)]
  0x000000001a4fe000 JavaThread "Thread-3" daemon [_thread_in_native, id=8184, stack(0x0000000021cc0000,0x0000000021dc0000)]
  0x000000001a4fa800 JavaThread "JavaFX-Launcher" [_thread_blocked, id=6772, stack(0x0000000021dc0000,0x0000000021ec0000)]
  0x000000001a48c800 JavaThread "JavaFX Application Thread" [_thread_in_native, id=17208, stack(0x000000001b0b0000,0x000000001b1b0000)]
  0x000000001a464800 JavaThread "Thread-1" daemon [_thread_blocked, id=10368, stack(0x000000001afb0000,0x000000001b0b0000)]
  0x000000001a45b000 JavaThread "QuantumRenderer-0" daemon [_thread_blocked, id=6592, stack(0x000000001ad40000,0x000000001ae40000)]
  0x0000000019687800 JavaThread "Service Thread" daemon [_thread_blocked, id=4160, stack(0x000000001a1c0000,0x000000001a2c0000)]
  0x00000000195fc000 JavaThread "C1 CompilerThread3" daemon [_thread_blocked, id=3652, stack(0x000000001a0c0000,0x000000001a1c0000)]
  0x00000000195f4000 JavaThread "C2 CompilerThread2" daemon [_thread_blocked, id=13728, stack(0x0000000019fc0000,0x000000001a0c0000)]
=>0x00000000195ed000 JavaThread "C2 CompilerThread1" daemon [_thread_in_native, id=7556, stack(0x0000000019ec0000,0x0000000019fc0000)]
  0x00000000195e8800 JavaThread "C2 CompilerThread0" daemon [_thread_blocked, id=6700, stack(0x0000000019dc0000,0x0000000019ec0000)]
  0x00000000195e6800 JavaThread "Attach Listener" daemon [_thread_blocked, id=3728, stack(0x0000000019cc0000,0x0000000019dc0000)]
  0x00000000176fe800 JavaThread "Signal Dispatcher" daemon [_thread_blocked, id=16036, stack(0x0000000019bc0000,0x0000000019cc0000)]
  0x00000000027ee800 JavaThread "Finalizer" daemon [_thread_blocked, id=11640, stack(0x00000000199c0000,0x0000000019ac0000)]
  0x00000000027e7000 JavaThread "Reference Handler" daemon [_thread_blocked, id=18836, stack(0x00000000194c0000,0x00000000195c0000)]
  0x000000000288e000 JavaThread "main" [_thread_blocked, id=17376, stack(0x0000000002550000,0x0000000002650000)]

Other Threads:
  0x00000000176e9000 VMThread [stack: 0x00000000193c0000,0x00000000194c0000] [id=14372]
  0x00000000196a2800 WatcherThread [stack: 0x000000001a2c0000,0x000000001a3c0000] [id=16024]

VM state:not at safepoint (normal execution)

VM Mutex/Monitor currently owned by a thread: None

Heap:
 PSYoungGen      total 37888K, used 17855K [0x00000000d6900000, 0x00000000d9300000, 0x0000000100000000)
  eden space 32768K, 54% used [0x00000000d6900000,0x00000000d7a6fd00,0x00000000d8900000)
  from space 5120K, 0% used [0x00000000d8e00000,0x00000000d8e00000,0x00000000d9300000)
  to   space 5120K, 0% used [0x00000000d8900000,0x00000000d8900000,0x00000000d8e00000)
 ParOldGen       total 68608K, used 18941K [0x0000000083a00000, 0x0000000087d00000, 0x00000000d6900000)
  object space 68608K, 27% used [0x0000000083a00000,0x0000000084c7f518,0x0000000087d00000)
 Metaspace       used 22549K, capacity 23812K, committed 24064K, reserved 1071104K
  class space    used 3009K, capacity 3276K, committed 3328K, reserved 1048576K

Card table byte_map: [0x0000000011c50000,0x0000000012040000] byte_map_base: 0x0000000011833000

Marking Bits: (ParMarkBitMap*) 0x0000000055f32d00
 Begin Bits: [0x0000000012ae0000, 0x00000000149f8000)
 End Bits:   [0x00000000149f8000, 0x0000000016910000)

Polling page: 0x0000000000d50000

CodeCache: size=245760Kb used=11962Kb max_used=11973Kb free=233797Kb
 bounds [0x0000000002890000, 0x0000000003450000, 0x0000000011890000]
 total_blobs=4585 nmethods=3845 adapters=652
 compilation: enabled

Compilation events (10 events):
Event: 59.394 Thread 0x00000000195fc000 4107       3       com.sun.prism.BasicStroke::getMiterLimit (5 bytes)
Event: 59.394 Thread 0x00000000195fc000 nmethod 4107 0x0000000003420990 code [0x0000000003420ae0, 0x0000000003420c30]
Event: 59.395 Thread 0x00000000195fc000 4108       1       com.sun.prism.d3d.D3DContext::getResourceFactory (5 bytes)
Event: 59.395 Thread 0x00000000195fc000 nmethod 4108 0x000000000341f610 code [0x000000000341f760, 0x000000000341f870]
Event: 59.395 Thread 0x00000000195fc000 4109       3       com.sun.javafx.font.directwrite.DWFontStrike::createGlyph (14 bytes)
Event: 59.395 Thread 0x00000000195fc000 nmethod 4109 0x000000000341f1d0 code [0x000000000341f340, 0x000000000341f548]
Event: 59.395 Thread 0x00000000195fc000 4110       3       com.sun.javafx.font.directwrite.DWGlyph::<init> (145 bytes)
Event: 59.395 Thread 0x00000000195fc000 nmethod 4110 0x000000000341e510 code [0x000000000341e6c0, 0x000000000341ee90]
Event: 59.395 Thread 0x00000000195e8800 4111       4       java.nio.DirectFloatBufferU::ix (10 bytes)
Event: 59.396 Thread 0x00000000195e8800 nmethod 4111 0x0000000003420790 code [0x00000000034208c0, 0x0000000003420938]

GC Heap History (10 events):
Event: 3.834 GC heap before
{Heap before GC invocations=1 (full 0):
 PSYoungGen      total 37888K, used 32768K [0x00000000d6900000, 0x00000000d9300000, 0x0000000100000000)
  eden space 32768K, 100% used [0x00000000d6900000,0x00000000d8900000,0x00000000d8900000)
  from space 5120K, 0% used [0x00000000d8e00000,0x00000000d8e00000,0x00000000d9300000)
  to   space 5120K, 0% used [0x00000000d8900000,0x00000000d8900000,0x00000000d8e00000)
 ParOldGen       total 86016K, used 0K [0x0000000083a00000, 0x0000000088e00000, 0x00000000d6900000)
  object space 86016K, 0% used [0x0000000083a00000,0x0000000083a00000,0x0000000088e00000)
 Metaspace       used 15381K, capacity 15968K, committed 16000K, reserved 1062912K
  class space    used 2247K, capacity 2414K, committed 2432K, reserved 1048576K
Event: 3.838 GC heap after
Heap after GC invocations=1 (full 0):
 PSYoungGen      total 37888K, used 5104K [0x00000000d6900000, 0x00000000d9300000, 0x0000000100000000)
  eden space 32768K, 0% used [0x00000000d6900000,0x00000000d6900000,0x00000000d8900000)
  from space 5120K, 99% used [0x00000000d8900000,0x00000000d8dfc080,0x00000000d8e00000)
  to   space 5120K, 0% used [0x00000000d8e00000,0x00000000d8e00000,0x00000000d9300000)
 ParOldGen       total 86016K, used 671K [0x0000000083a00000, 0x0000000088e00000, 0x00000000d6900000)
  object space 86016K, 0% used [0x0000000083a00000,0x0000000083aa7e00,0x0000000088e00000)
 Metaspace       used 15381K, capacity 15968K, committed 16000K, reserved 1062912K
  class space    used 2247K, capacity 2414K, committed 2432K, reserved 1048576K
}
Event: 11.479 GC heap before
{Heap before GC invocations=2 (full 0):
 PSYoungGen      total 37888K, used 30215K [0x00000000d6900000, 0x00000000d9300000, 0x0000000100000000)
  eden space 32768K, 76% used [0x00000000d6900000,0x00000000d8185d10,0x00000000d8900000)
  from space 5120K, 99% used [0x00000000d8900000,0x00000000d8dfc080,0x00000000d8e00000)
  to   space 5120K, 0% used [0x00000000d8e00000,0x00000000d8e00000,0x00000000d9300000)
 ParOldGen       total 86016K, used 671K [0x0000000083a00000, 0x0000000088e00000, 0x00000000d6900000)
  object space 86016K, 0% used [0x0000000083a00000,0x0000000083aa7e00,0x0000000088e00000)
 Metaspace       used 19565K, capacity 20324K, committed 20608K, reserved 1067008K
  class space    used 2646K, capacity 2831K, committed 2944K, reserved 1048576K
Event: 11.489 GC heap after
Heap after GC invocations=2 (full 0):
 PSYoungGen      total 37888K, used 5099K [0x00000000d6900000, 0x00000000d9300000, 0x0000000100000000)
  eden space 32768K, 0% used [0x00000000d6900000,0x00000000d6900000,0x00000000d8900000)
  from space 5120K, 99% used [0x00000000d8e00000,0x00000000d92fad00,0x00000000d9300000)
  to   space 5120K, 0% used [0x00000000d8900000,0x00000000d8900000,0x00000000d8e00000)
 ParOldGen       total 86016K, used 16029K [0x0000000083a00000, 0x0000000088e00000, 0x00000000d6900000)
  object space 86016K, 18% used [0x0000000083a00000,0x00000000849a7540,0x0000000088e00000)
 Metaspace       used 19565K, capacity 20324K, committed 20608K, reserved 1067008K
  class space    used 2646K, capacity 2831K, committed 2944K, reserved 1048576K
}
Event: 35.428 GC heap before
{Heap before GC invocations=3 (full 0):
 PSYoungGen      total 37888K, used 37867K [0x00000000d6900000, 0x00000000d9300000, 0x0000000100000000)
  eden space 32768K, 100% used [0x00000000d6900000,0x00000000d8900000,0x00000000d8900000)
  from space 5120K, 99% used [0x00000000d8e00000,0x00000000d92fad00,0x00000000d9300000)
  to   space 5120K, 0% used [0x00000000d8900000,0x00000000d8900000,0x00000000d8e00000)
 ParOldGen       total 86016K, used 16029K [0x0000000083a00000, 0x0000000088e00000, 0x00000000d6900000)
  object space 86016K, 18% used [0x0000000083a00000,0x00000000849a7540,0x0000000088e00000)
 Metaspace       used 20240K, capacity 21052K, committed 21296K, reserved 1067008K
  class space    used 2660K, capacity 2855K, committed 2944K, reserved 1048576K
Event: 35.435 GC heap after
Heap after GC invocations=3 (full 0):
 PSYoungGen      total 37888K, used 5099K [0x00000000d6900000, 0x00000000d9300000, 0x0000000100000000)
  eden space 32768K, 0% used [0x00000000d6900000,0x00000000d6900000,0x00000000d8900000)
  from space 5120K, 99% used [0x00000000d8900000,0x00000000d8dfacd0,0x00000000d8e00000)
  to   space 5120K, 0% used [0x00000000d8e00000,0x00000000d8e00000,0x00000000d9300000)
 ParOldGen       total 86016K, used 24903K [0x0000000083a00000, 0x0000000088e00000, 0x00000000d6900000)
  object space 86016K, 28% used [0x0000000083a00000,0x0000000085251f98,0x0000000088e00000)
 Metaspace       used 20240K, capacity 21052K, committed 21296K, reserved 1067008K
  class space    used 2660K, capacity 2855K, committed 2944K, reserved 1048576K
}
Event: 42.107 GC heap before
{Heap before GC invocations=4 (full 0):
 PSYoungGen      total 37888K, used 7191K [0x00000000d6900000, 0x00000000d9300000, 0x0000000100000000)
  eden space 32768K, 6% used [0x00000000d6900000,0x00000000d6b0b0f8,0x00000000d8900000)
  from space 5120K, 99% used [0x00000000d8900000,0x00000000d8dfacd0,0x00000000d8e00000)
  to   space 5120K, 0% used [0x00000000d8e00000,0x00000000d8e00000,0x00000000d9300000)
 ParOldGen       total 86016K, used 24903K [0x0000000083a00000, 0x0000000088e00000, 0x00000000d6900000)
  object space 86016K, 28% used [0x0000000083a00000,0x0000000085251f98,0x0000000088e00000)
 Metaspace       used 20322K, capacity 21184K, committed 21296K, reserved 1067008K
  class space    used 2660K, capacity 2855K, committed 2944K, reserved 1048576K
Event: 42.114 GC heap after
Heap after GC invocations=4 (full 0):
 PSYoungGen      total 37888K, used 5021K [0x00000000d6900000, 0x00000000d9300000, 0x0000000100000000)
  eden space 32768K, 0% used [0x00000000d6900000,0x00000000d6900000,0x00000000d8900000)
  from space 5120K, 98% used [0x00000000d8e00000,0x00000000d92e7438,0x00000000d9300000)
  to   space 5120K, 0% used [0x00000000d8900000,0x00000000d8900000,0x00000000d8e00000)
 ParOldGen       total 86016K, used 24911K [0x0000000083a00000, 0x0000000088e00000, 0x00000000d6900000)
  object space 86016K, 28% used [0x0000000083a00000,0x0000000085253f98,0x0000000088e00000)
 Metaspace       used 20322K, capacity 21184K, committed 21296K, reserved 1067008K
  class space    used 2660K, capacity 2855K, committed 2944K, reserved 1048576K
}
Event: 42.114 GC heap before
{Heap before GC invocations=5 (full 1):
 PSYoungGen      total 37888K, used 5021K [0x00000000d6900000, 0x00000000d9300000, 0x0000000100000000)
  eden space 32768K, 0% used [0x00000000d6900000,0x00000000d6900000,0x00000000d8900000)
  from space 5120K, 98% used [0x00000000d8e00000,0x00000000d92e7438,0x00000000d9300000)
  to   space 5120K, 0% used [0x00000000d8900000,0x00000000d8900000,0x00000000d8e00000)
 ParOldGen       total 86016K, used 24911K [0x0000000083a00000, 0x0000000088e00000, 0x00000000d6900000)
  object space 86016K, 28% used [0x0000000083a00000,0x0000000085253f98,0x0000000088e00000)
 Metaspace       used 20322K, capacity 21184K, committed 21296K, reserved 1067008K
  class space    used 2660K, capacity 2855K, committed 2944K, reserved 1048576K
Event: 42.136 GC heap after
Heap after GC invocations=5 (full 1):
 PSYoungGen      total 37888K, used 0K [0x00000000d6900000, 0x00000000d9300000, 0x0000000100000000)
  eden space 32768K, 0% used [0x00000000d6900000,0x00000000d6900000,0x00000000d8900000)
  from space 5120K, 0% used [0x00000000d8e00000,0x00000000d8e00000,0x00000000d9300000)
  to   space 5120K, 0% used [0x00000000d8900000,0x00000000d8900000,0x00000000d8e00000)
 ParOldGen       total 68608K, used 18941K [0x0000000083a00000, 0x0000000087d00000, 0x00000000d6900000)
  object space 68608K, 27% used [0x0000000083a00000,0x0000000084c7f518,0x0000000087d00000)
 Metaspace       used 20322K, capacity 21184K, committed 21296K, reserved 1067008K
  class space    used 2660K, capacity 2855K, committed 2944K, reserved 1048576K
}

Deoptimization events (10 events):
Event: 59.253 Thread 0x000000001a48c800 Uncommon trap: reason=array_check action=maybe_recompile pc=0x0000000002bd9de8 method=com.sun.javafx.css.CompoundSelector.applies(Ljavafx/css/Styleable;[Ljava/util/Set;I)Z @ 128
Event: 59.253 Thread 0x000000001a48c800 Uncommon trap: reason=array_check action=maybe_recompile pc=0x0000000002bd9de8 method=com.sun.javafx.css.CompoundSelector.applies(Ljavafx/css/Styleable;[Ljava/util/Set;I)Z @ 128
Event: 59.253 Thread 0x000000001a48c800 Uncommon trap: reason=array_check action=maybe_recompile pc=0x0000000002bd9de8 method=com.sun.javafx.css.CompoundSelector.applies(Ljavafx/css/Styleable;[Ljava/util/Set;I)Z @ 128
Event: 59.288 Thread 0x000000001a48c800 Uncommon trap: reason=class_check action=maybe_recompile pc=0x0000000003091a80 method=javafx.scene.Node$MiscProperties.getEffect()Ljavafx/scene/effect/Effect; @ 20
Event: 59.288 Thread 0x000000001a48c800 Uncommon trap: reason=class_check action=maybe_recompile pc=0x0000000003091a80 method=javafx.scene.Node$MiscProperties.getEffect()Ljavafx/scene/effect/Effect; @ 20
Event: 59.288 Thread 0x000000001a48c800 Uncommon trap: reason=class_check action=maybe_recompile pc=0x0000000003091a80 method=javafx.scene.Node$MiscProperties.getEffect()Ljavafx/scene/effect/Effect; @ 20
Event: 59.296 Thread 0x000000001a48c800 Uncommon trap: reason=class_check action=maybe_recompile pc=0x0000000003091a80 method=javafx.scene.Node$MiscProperties.getEffect()Ljavafx/scene/effect/Effect; @ 20
Event: 59.344 Thread 0x000000001a45b000 Uncommon trap: reason=class_check action=maybe_recompile pc=0x00000000032ef54c method=com.sun.javafx.font.CompositeStrike.getStrikeSlot(I)Lcom/sun/javafx/font/FontStrike; @ 16
Event: 59.346 Thread 0x000000001a45b000 Uncommon trap: reason=unstable_if action=reinterpret pc=0x00000000030dcf54 method=com.sun.javafx.geom.transform.AffineBase.doTransform([FI[FIII)V @ 2
Event: 59.363 Thread 0x000000001a45b000 Uncommon trap: reason=unstable_if action=reinterpret pc=0x0000000002e859c4 method=com.sun.javafx.geom.RectBounds.isEmpty()Z @ 21

Classes redefined (0 events):
No events

Internal exceptions (10 events):
Event: 4.340 Thread 0x000000001a48c800 Exception <a 'java/lang/ArrayIndexOutOfBoundsException'> (0x00000000d6eeef20) thrown at [C:\re\workspace\8-2-build-windows-amd64-cygwin\jdk8u181\11358\hotspot\src\share\vm\runtime\sharedRuntime.cpp, line 605]
Event: 4.428 Thread 0x000000001a48c800 Exception <a 'java/lang/ArrayIndexOutOfBoundsException'> (0x00000000d6fee3b0) thrown at [C:\re\workspace\8-2-build-windows-amd64-cygwin\jdk8u181\11358\hotspot\src\share\vm\runtime\sharedRuntime.cpp, line 605]
Event: 4.430 Thread 0x000000001a48c800 Exception <a 'java/io/FileNotFoundException'> (0x00000000d6ffce70) thrown at [C:\re\workspace\8-2-build-windows-amd64-cygwin\jdk8u181\11358\hotspot\src\share\vm\prims\jni.cpp, line 709]
Event: 4.453 Thread 0x000000001a48c800 Exception <a 'java/io/FileNotFoundException'> (0x00000000d7880cb0) thrown at [C:\re\workspace\8-2-build-windows-amd64-cygwin\jdk8u181\11358\hotspot\src\share\vm\prims\jni.cpp, line 709]
Event: 4.453 Thread 0x000000001a48c800 Exception <a 'java/io/FileNotFoundException'> (0x00000000d7882570) thrown at [C:\re\workspace\8-2-build-windows-amd64-cygwin\jdk8u181\11358\hotspot\src\share\vm\prims\jni.cpp, line 709]
Event: 4.454 Thread 0x000000001a48c800 Exception <a 'java/io/FileNotFoundException'> (0x00000000d78e7cb8) thrown at [C:\re\workspace\8-2-build-windows-amd64-cygwin\jdk8u181\11358\hotspot\src\share\vm\prims\jni.cpp, line 709]
Event: 4.454 Thread 0x000000001a48c800 Exception <a 'java/io/FileNotFoundException'> (0x00000000d78e94e8) thrown at [C:\re\workspace\8-2-build-windows-amd64-cygwin\jdk8u181\11358\hotspot\src\share\vm\prims\jni.cpp, line 709]
Event: 11.532 Thread 0x000000001a48c800 Exception <a 'java/io/FileNotFoundException'> (0x00000000d7146068) thrown at [C:\re\workspace\8-2-build-windows-amd64-cygwin\jdk8u181\11358\hotspot\src\share\vm\prims\jni.cpp, line 709]
Event: 27.136 Thread 0x000000001a48c800 Exception <a 'java/io/FileNotFoundException'> (0x00000000d75d99a8) thrown at [C:\re\workspace\8-2-build-windows-amd64-cygwin\jdk8u181\11358\hotspot\src\share\vm\prims\jni.cpp, line 709]
Event: 35.423 Thread 0x000000001a48c800 Exception <a 'java/io/FileNotFoundException'> (0x00000000d80c6f78) thrown at [C:\re\workspace\8-2-build-windows-amd64-cygwin\jdk8u181\11358\hotspot\src\share\vm\prims\jni.cpp, line 709]

Events (10 events):
Event: 59.376 loading class com/sun/scenario/effect/impl/prism/ps/PPSLinearConvolvePeer
Event: 59.376 loading class com/sun/scenario/effect/impl/prism/ps/PPSLinearConvolvePeer done
Event: 59.389 loading class com/sun/scenario/effect/impl/prism/PrCropPeer
Event: 59.389 loading class com/sun/scenario/effect/impl/prism/PrCropPeer done
Event: 59.389 loading class com/sun/scenario/effect/impl/prism/ps/PPSBlend_ADDPeer
Event: 59.389 loading class com/sun/scenario/effect/impl/prism/ps/PPSBlend_ADDPeer done
Event: 59.389 loading class com/sun/scenario/effect/impl/prism/ps/PPSTwoSamplerPeer
Event: 59.389 loading class com/sun/scenario/effect/impl/prism/ps/PPSTwoSamplerPeer done
Event: 59.396 Executing VM operation: RevokeBias
Event: 59.396 Executing VM operation: RevokeBias done


Dynamic libraries:
0x00007ff655e90000 - 0x00007ff655ec7000 	C:\Program Files\Java\jre1.8.0_181\bin\javaw.exe
0x00007ffb18a80000 - 0x00007ffb18c70000 	C:\WINDOWS\SYSTEM32\ntdll.dll
0x00007ffb187e0000 - 0x00007ffb18892000 	C:\WINDOWS\System32\KERNEL32.DLL
0x00007ffb15a20000 - 0x00007ffb15cc4000 	C:\WINDOWS\System32\KERNELBASE.dll
0x00007ffb16d10000 - 0x00007ffb16db3000 	C:\WINDOWS\System32\ADVAPI32.dll
0x00007ffb176d0000 - 0x00007ffb1776e000 	C:\WINDOWS\System32\msvcrt.dll
0x00007ffb174f0000 - 0x00007ffb17587000 	C:\WINDOWS\System32\sechost.dll
0x00007ffb186b0000 - 0x00007ffb187d0000 	C:\WINDOWS\System32\RPCRT4.dll
0x00007ffb188a0000 - 0x00007ffb18a35000 	C:\WINDOWS\System32\USER32.dll
0x00007ffb15ef0000 - 0x00007ffb15f11000 	C:\WINDOWS\System32\win32u.dll
0x00007ffb16b30000 - 0x00007ffb16b56000 	C:\WINDOWS\System32\GDI32.dll
0x00007ffb15cd0000 - 0x00007ffb15e66000 	C:\WINDOWS\System32\gdi32full.dll
0x00007ffb168e0000 - 0x00007ffb1697e000 	C:\WINDOWS\System32\msvcp_win.dll
0x00007ffb15f50000 - 0x00007ffb1604a000 	C:\WINDOWS\System32\ucrtbase.dll
0x00007ffb0a2c0000 - 0x00007ffb0a544000 	C:\WINDOWS\WinSxS\amd64_microsoft.windows.common-controls_6595b64144ccf1df_6.0.18362.1016_none_9e7a36bbe461dae4\COMCTL32.dll
0x00007ffb18370000 - 0x00007ffb186a5000 	C:\WINDOWS\System32\combase.dll
0x00007ffb15e70000 - 0x00007ffb15ef0000 	C:\WINDOWS\System32\bcryptPrimitives.dll
0x00007ffb18200000 - 0x00007ffb1822e000 	C:\WINDOWS\System32\IMM32.DLL
0x0000000055550000 - 0x0000000055622000 	C:\Program Files\Java\jre1.8.0_181\bin\msvcr100.dll
0x0000000055710000 - 0x0000000055fb2000 	C:\Program Files\Java\jre1.8.0_181\bin\server\jvm.dll
0x00007ffb18230000 - 0x00007ffb18238000 	C:\WINDOWS\System32\PSAPI.DLL
0x00007ffb02050000 - 0x00007ffb02059000 	C:\WINDOWS\SYSTEM32\WSOCK32.dll
0x00007ffb10310000 - 0x00007ffb1031a000 	C:\WINDOWS\SYSTEM32\VERSION.dll
0x00007ffb13580000 - 0x00007ffb135a4000 	C:\WINDOWS\SYSTEM32\WINMM.dll
0x00007ffb17770000 - 0x00007ffb177df000 	C:\WINDOWS\System32\WS2_32.dll
0x00007ffb13100000 - 0x00007ffb1312d000 	C:\WINDOWS\SYSTEM32\winmmbase.dll
0x00007ffb167e0000 - 0x00007ffb1682a000 	C:\WINDOWS\System32\cfgmgr32.dll
0x0000000055700000 - 0x000000005570f000 	C:\Program Files\Java\jre1.8.0_181\bin\verify.dll
0x00000000556d0000 - 0x00000000556f9000 	C:\Program Files\Java\jre1.8.0_181\bin\java.dll
0x00000000556b0000 - 0x00000000556c6000 	C:\Program Files\Java\jre1.8.0_181\bin\zip.dll
0x00007ffb17800000 - 0x00007ffb17ee7000 	C:\WINDOWS\System32\SHELL32.dll
0x00007ffb18150000 - 0x00007ffb181f9000 	C:\WINDOWS\System32\shcore.dll
0x00007ffb16050000 - 0x00007ffb167d2000 	C:\WINDOWS\System32\windows.storage.dll
0x00007ffb15960000 - 0x00007ffb15983000 	C:\WINDOWS\System32\profapi.dll
0x00007ffb159b0000 - 0x00007ffb159fa000 	C:\WINDOWS\System32\powrprof.dll
0x00007ffb15930000 - 0x00007ffb15940000 	C:\WINDOWS\System32\UMPDC.dll
0x00007ffb18020000 - 0x00007ffb18072000 	C:\WINDOWS\System32\shlwapi.dll
0x00007ffb15940000 - 0x00007ffb15951000 	C:\WINDOWS\System32\kernel.appcore.dll
0x00007ffb15a00000 - 0x00007ffb15a17000 	C:\WINDOWS\System32\cryptsp.dll
0x0000000000d90000 - 0x0000000000d93000 	C:\Program Files\Java\jre1.8.0_181\bin\api-ms-win-core-console-l1-1-0.dll
0x0000000002680000 - 0x0000000002683000 	C:\Program Files\Java\jre1.8.0_181\bin\api-ms-win-core-datetime-l1-1-0.dll
0x0000000002690000 - 0x0000000002693000 	C:\Program Files\Java\jre1.8.0_181\bin\api-ms-win-core-debug-l1-1-0.dll
0x00000000026a0000 - 0x00000000026a3000 	C:\Program Files\Java\jre1.8.0_181\bin\api-ms-win-core-errorhandling-l1-1-0.dll
0x00000000026b0000 - 0x00000000026b4000 	C:\Program Files\Java\jre1.8.0_181\bin\api-ms-win-core-file-l1-1-0.dll
0x00000000026c0000 - 0x00000000026c3000 	C:\Program Files\Java\jre1.8.0_181\bin\api-ms-win-core-file-l1-2-0.dll
0x00000000026d0000 - 0x00000000026d3000 	C:\Program Files\Java\jre1.8.0_181\bin\api-ms-win-core-file-l2-1-0.dll
0x00000000027f0000 - 0x00000000027f3000 	C:\Program Files\Java\jre1.8.0_181\bin\api-ms-win-core-handle-l1-1-0.dll
0x0000000002800000 - 0x0000000002803000 	C:\Program Files\Java\jre1.8.0_181\bin\api-ms-win-core-heap-l1-1-0.dll
0x0000000002810000 - 0x0000000002813000 	C:\Program Files\Java\jre1.8.0_181\bin\api-ms-win-core-interlocked-l1-1-0.dll
0x0000000002820000 - 0x0000000002823000 	C:\Program Files\Java\jre1.8.0_181\bin\api-ms-win-core-libraryloader-l1-1-0.dll
0x0000000002830000 - 0x0000000002833000 	C:\Program Files\Java\jre1.8.0_181\bin\api-ms-win-core-localization-l1-2-0.dll
0x0000000002840000 - 0x0000000002843000 	C:\Program Files\Java\jre1.8.0_181\bin\api-ms-win-core-memory-l1-1-0.dll
0x0000000002850000 - 0x0000000002853000 	C:\Program Files\Java\jre1.8.0_181\bin\api-ms-win-core-namedpipe-l1-1-0.dll
0x0000000002860000 - 0x0000000002863000 	C:\Program Files\Java\jre1.8.0_181\bin\api-ms-win-core-processenvironment-l1-1-0.dll
0x0000000002870000 - 0x0000000002873000 	C:\Program Files\Java\jre1.8.0_181\bin\api-ms-win-core-processthreads-l1-1-0.dll
0x000000001abc0000 - 0x000000001abc3000 	C:\Program Files\Java\jre1.8.0_181\bin\api-ms-win-core-processthreads-l1-1-1.dll
0x000000001abd0000 - 0x000000001abd3000 	C:\Program Files\Java\jre1.8.0_181\bin\api-ms-win-core-profile-l1-1-0.dll
0x000000001abe0000 - 0x000000001abe3000 	C:\Program Files\Java\jre1.8.0_181\bin\api-ms-win-core-rtlsupport-l1-1-0.dll
0x000000001abf0000 - 0x000000001abf3000 	C:\Program Files\Java\jre1.8.0_181\bin\api-ms-win-core-string-l1-1-0.dll
0x000000001ac00000 - 0x000000001ac03000 	C:\Program Files\Java\jre1.8.0_181\bin\api-ms-win-core-synch-l1-1-0.dll
0x000000001ac10000 - 0x000000001ac13000 	C:\Program Files\Java\jre1.8.0_181\bin\api-ms-win-core-synch-l1-2-0.dll
0x000000001ac20000 - 0x000000001ac23000 	C:\Program Files\Java\jre1.8.0_181\bin\api-ms-win-core-sysinfo-l1-1-0.dll
0x000000001ac30000 - 0x000000001ac33000 	C:\Program Files\Java\jre1.8.0_181\bin\api-ms-win-core-timezone-l1-1-0.dll
0x000000001ac40000 - 0x000000001ac43000 	C:\Program Files\Java\jre1.8.0_181\bin\api-ms-win-core-util-l1-1-0.dll
0x000000001ac50000 - 0x000000001ac53000 	C:\Program Files\Java\jre1.8.0_181\bin\api-ms-win-crt-conio-l1-1-0.dll
0x000000001ac60000 - 0x000000001ac64000 	C:\Program Files\Java\jre1.8.0_181\bin\api-ms-win-crt-convert-l1-1-0.dll
0x000000001ac70000 - 0x000000001ac73000 	C:\Program Files\Java\jre1.8.0_181\bin\api-ms-win-crt-environment-l1-1-0.dll
0x000000001ac80000 - 0x000000001ac83000 	C:\Program Files\Java\jre1.8.0_181\bin\api-ms-win-crt-filesystem-l1-1-0.dll
0x000000001ac90000 - 0x000000001ac93000 	C:\Program Files\Java\jre1.8.0_181\bin\api-ms-win-crt-heap-l1-1-0.dll
0x000000001aca0000 - 0x000000001aca3000 	C:\Program Files\Java\jre1.8.0_181\bin\api-ms-win-crt-locale-l1-1-0.dll
0x000000001acb0000 - 0x000000001acb5000 	C:\Program Files\Java\jre1.8.0_181\bin\api-ms-win-crt-math-l1-1-0.dll
0x000000001acc0000 - 0x000000001acc5000 	C:\Program Files\Java\jre1.8.0_181\bin\api-ms-win-crt-multibyte-l1-1-0.dll
0x000000001acd0000 - 0x000000001ace0000 	C:\Program Files\Java\jre1.8.0_181\bin\api-ms-win-crt-private-l1-1-0.dll
0x000000001ace0000 - 0x000000001ace3000 	C:\Program Files\Java\jre1.8.0_181\bin\api-ms-win-crt-process-l1-1-0.dll
0x000000001acf0000 - 0x000000001acf4000 	C:\Program Files\Java\jre1.8.0_181\bin\api-ms-win-crt-runtime-l1-1-0.dll
0x000000001ad00000 - 0x000000001ad04000 	C:\Program Files\Java\jre1.8.0_181\bin\api-ms-win-crt-stdio-l1-1-0.dll
0x000000001ad10000 - 0x000000001ad14000 	C:\Program Files\Java\jre1.8.0_181\bin\api-ms-win-crt-string-l1-1-0.dll
0x000000001ad20000 - 0x000000001ad23000 	C:\Program Files\Java\jre1.8.0_181\bin\api-ms-win-crt-time-l1-1-0.dll
0x000000001ad30000 - 0x000000001ad33000 	C:\Program Files\Java\jre1.8.0_181\bin\api-ms-win-crt-utility-l1-1-0.dll
0x00007ffaf9460000 - 0x00007ffaf9556000 	C:\Program Files\Java\jre1.8.0_181\bin\ucrtbase.dll
0x00007ffb11350000 - 0x00007ffb11366000 	C:\Program Files\Java\jre1.8.0_181\bin\vcruntime140.dll
0x00007ffaf9380000 - 0x00007ffaf941c000 	C:\Program Files\Java\jre1.8.0_181\bin\msvcp140.dll
0x00007ffaf96a0000 - 0x00007ffaf96f1000 	C:\Program Files\Java\jre1.8.0_181\bin\concrt140.dll
0x0000000055520000 - 0x0000000055543000 	C:\Program Files\Java\jre1.8.0_181\bin\prism_d3d.dll
0x00007ffaee620000 - 0x00007ffaee7e7000 	C:\WINDOWS\system32\d3d9.dll
0x00007ffb13e60000 - 0x00007ffb13e8d000 	C:\WINDOWS\SYSTEM32\dwmapi.dll
0x00007ffb14590000 - 0x00007ffb145b0000 	C:\WINDOWS\SYSTEM32\dxcore.dll
0x00007ffb13af0000 - 0x00007ffb13b89000 	C:\WINDOWS\system32\uxtheme.dll
0x00007ffad0460000 - 0x00007ffad0620000 	C:\WINDOWS\System32\DriverStore\FileRepository\igdlh64.inf_amd64_7eaf64f248bedffc\igdumdim64.dll
0x00007ffb07420000 - 0x00007ffb07572000 	C:\WINDOWS\System32\DriverStore\FileRepository\igdlh64.inf_amd64_7eaf64f248bedffc\igdgmm64.dll
0x00000000554d0000 - 0x0000000055519000 	C:\Program Files\Java\jre1.8.0_181\bin\glass.dll
0x00007ffb182a0000 - 0x00007ffb18370000 	C:\WINDOWS\System32\COMDLG32.dll
0x00007ffb17330000 - 0x00007ffb17487000 	C:\WINDOWS\System32\ole32.dll
0x00007ffb18080000 - 0x00007ffb18145000 	C:\WINDOWS\System32\OLEAUT32.dll
0x00007ffb17590000 - 0x00007ffb176c5000 	C:\WINDOWS\System32\MSCTF.dll
0x00007ffacbb90000 - 0x00007ffacf76b000 	C:\WINDOWS\System32\DriverStore\FileRepository\igdlh64.inf_amd64_7eaf64f248bedffc\igd9dxva64.dll
0x00007ffae05b0000 - 0x00007ffae05d2000 	C:\WINDOWS\System32\DriverStore\FileRepository\igdlh64.inf_amd64_7eaf64f248bedffc\igdinfo64.dll
0x00007ffb02c20000 - 0x00007ffb04f76000 	C:\WINDOWS\System32\DriverStore\FileRepository\igdlh64.inf_amd64_7eaf64f248bedffc\igc64.dll
0x00000000554b0000 - 0x00000000554c4000 	C:\Program Files\Java\jre1.8.0_181\bin\javafx_font.dll
0x00007ffaffa80000 - 0x00007ffaffd7e000 	C:\WINDOWS\SYSTEM32\dwrite.dll
0x00007ffb17ef0000 - 0x00007ffb17f92000 	C:\WINDOWS\System32\clbcatq.dll
0x00007ffb0c1e0000 - 0x00007ffb0c38f000 	C:\WINDOWS\SYSTEM32\WindowsCodecs.dll
0x00007ffae7c80000 - 0x00007ffae7cba000 	C:\WINDOWS\system32\dataexchange.dll
0x00007ffb12280000 - 0x00007ffb1245d000 	C:\WINDOWS\system32\dcomp.dll
0x00007ffb12e80000 - 0x00007ffb130db000 	C:\WINDOWS\system32\d3d11.dll
0x00007ffb14620000 - 0x00007ffb1470b000 	C:\WINDOWS\system32\dxgi.dll
0x00007ffb13860000 - 0x00007ffb13ac2000 	C:\WINDOWS\system32\twinapi.appcore.dll
0x00007ffb13c90000 - 0x00007ffb13cb9000 	C:\WINDOWS\system32\RMCLIENT.dll
0x00007ffafe140000 - 0x00007ffafe173000 	C:\Program Files\Common Files\Microsoft Shared\Ink\rtscom.dll
0x00007ffb0e1f0000 - 0x00007ffb0e28e000 	C:\WINDOWS\System32\TextInputFramework.dll
0x00007ffb0db80000 - 0x00007ffb0deaa000 	C:\WINDOWS\System32\CoreUIComponents.dll
0x00007ffb13130000 - 0x00007ffb13204000 	C:\WINDOWS\System32\CoreMessaging.dll
0x00007ffb10f60000 - 0x00007ffb110b3000 	C:\WINDOWS\SYSTEM32\wintypes.dll
0x00007ffb14980000 - 0x00007ffb149b1000 	C:\WINDOWS\SYSTEM32\ntmarta.dll
0x00007ffb09df0000 - 0x00007ffb0a096000 	C:\WINDOWS\System32\iertutil.dll
0x0000000055490000 - 0x00000000554a2000 	C:\Program Files\Java\jre1.8.0_181\bin\prism_common.dll
0x0000000055690000 - 0x00000000556aa000 	C:\Program Files\Java\jre1.8.0_181\bin\net.dll
0x00007ffb15130000 - 0x00007ffb15197000 	C:\WINDOWS\system32\mswsock.dll
0x00007ffb14e80000 - 0x00007ffb14f4b000 	C:\WINDOWS\SYSTEM32\DNSAPI.dll
0x00007ffb187d0000 - 0x00007ffb187d8000 	C:\WINDOWS\System32\NSI.dll
0x00007ffb14e40000 - 0x00007ffb14e7a000 	C:\WINDOWS\SYSTEM32\IPHLPAPI.DLL
0x00007ffb09700000 - 0x00007ffb0970a000 	C:\Windows\System32\rasadhlp.dll
0x00007ffb0c7d0000 - 0x00007ffb0c847000 	C:\WINDOWS\System32\fwpuclnt.dll
0x00007ffb15f20000 - 0x00007ffb15f46000 	C:\WINDOWS\System32\bcrypt.dll
0x00007ffb14ca0000 - 0x00007ffb14cd3000 	C:\WINDOWS\system32\rsaenh.dll
0x00007ffb15850000 - 0x00007ffb15875000 	C:\WINDOWS\SYSTEM32\USERENV.dll
0x00007ffb15360000 - 0x00007ffb1536c000 	C:\WINDOWS\SYSTEM32\CRYPTBASE.dll
0x00007ffb0d270000 - 0x00007ffb0d286000 	C:\WINDOWS\SYSTEM32\dhcpcsvc6.DLL

VM Arguments:
jvm_args: -Dfile.encoding=Cp1252 
java_command: application.Main
java_class_path (initial): E:\FinalP\HotelManagementSystem\bin;C:\Users\DELL\Desktop\-INST-\Eclipse Java\eclipse\plugins\org.eclipse.fx.ide.css.jfx8_3.0.0.201705220750.jar
Launcher Type: SUN_STANDARD

Environment Variables:
PATH=C:/Program Files/Java/jre1.8.0_181/bin/server;C:/Program Files/Java/jre1.8.0_181/bin;C:/Program Files/Java/jre1.8.0_181/lib/amd64;C:\ProgramData\Oracle\Java\javapath;C:\Program Files (x86)\Common Files\Oracle\Java\javapath;C:\Program Files (x86)\Intel\iCLS Client\;C:\Program Files\Intel\iCLS Client\;C:\WINDOWS\system32;C:\WINDOWS;C:\WINDOWS\System32\Wbem;C:\WINDOWS\System32\WindowsPowerShell\v1.0\;C:\Program Files (x86)\Intel\Intel(R) Management Engine Components\DAL;C:\Program Files\Intel\Intel(R) Management Engine Components\DAL;C:\Program Files (x86)\Intel\Intel(R) Management Engine Components\IPT;C:\Program Files\Intel\Intel(R) Management Engine Components\IPT;C:\WINDOWS\System32\OpenSSH\;C:\Program Files\Git\cmd;C:\Program Files\Git\mingw64\bin;C:\Program Files\Git\usr\bin;C:\Program Files\nodejs\;C:\Users\DELL\AppData\Local\Programs\Python\Python37\Scripts\;C:\Users\DELL\AppData\Local\Programs\Python\Python37\;C:\Users\DELL\AppData\Local\Microsoft\WindowsApps;;C:\Users\DELL\AppData\Local\Programs\Microsoft VS Code\bin;C:\Program Files\heroku\bin;C:\Users\DELL\AppData\Roaming\npm;C:\Users\DELL\Desktop\-INST-\Eclipse Java\eclipse;
USERNAME=DELL
OS=Windows_NT
PROCESSOR_IDENTIFIER=Intel64 Family 6 Model 142 Stepping 10, GenuineIntel



---------------  S Y S T E M  ---------------

OS: Windows 10.0 , 64 bit Build 18362 (10.0.18362.959)

CPU:total 8 (initial active 8) (4 cores per cpu, 2 threads per core) family 6 model 142 stepping 10, cmov, cx8, fxsr, mmx, sse, sse2, sse3, ssse3, sse4.1, sse4.2, popcnt, avx, avx2, aes, clmul, erms, 3dnowpref, lzcnt, ht, tsc, tscinvbit, bmi1, bmi2, adx

Memory: 4k page, physical 8146004k(1231284k free), swap 12340308k(5840k free)

vm_info: Java HotSpot(TM) 64-Bit Server VM (25.181-b13) for windows-amd64 JRE (1.8.0_181-b13), built on Jul  7 2018 04:01:33 by "java_re" with MS VC++ 10.0 (VS2010)

time: Sun Sep 06 12:02:44 2020
elapsed time: 59 seconds (0d 0h 0m 59s)

